[debug] [2021-12-10T09:54:05.597Z] ----------------------------------------------------------------------
[debug] [2021-12-10T09:54:05.599Z] Command:       C:\Program Files\nodejs\node.exe C:\Users\adu37\AppData\Roaming\npm\node_modules\firebase-tools\lib\bin\firebase.js emulators:start
[debug] [2021-12-10T09:54:05.600Z] CLI Version:   9.23.0
[debug] [2021-12-10T09:54:05.600Z] Platform:      win32
[debug] [2021-12-10T09:54:05.600Z] Node Version:  v14.17.6
[debug] [2021-12-10T09:54:05.601Z] Time:          Fri Dec 10 2021 22:54:05 GMT+1300 (New Zealand Daylight Time)
[debug] [2021-12-10T09:54:05.601Z] ----------------------------------------------------------------------
[debug] 
[debug] [2021-12-10T09:54:05.604Z] >>> [apiv2][query] GET https://firebase-public.firebaseio.com/cli.json [none]
[debug] [2021-12-10T09:54:05.692Z] > command requires scopes: ["email","openid","https://www.googleapis.com/auth/cloudplatformprojects.readonly","https://www.googleapis.com/auth/firebase","https://www.googleapis.com/auth/cloud-platform"]
[debug] [2021-12-10T09:54:05.692Z] > authorizing via signed-in user (adichauhan375@gmail.com)
[info] i  emulators: Starting emulators: functions {"metadata":{"emulator":{"name":"hub"},"message":"Starting emulators: functions"}}
[debug] [2021-12-10T09:54:05.708Z] [hub] writing locator at C:\Users\adu37\AppData\Local\Temp\hub-clone-website-50073.json
[warn] !  functions: The following emulators are not running, calls to these services from the Functions emulator will affect production: auth, firestore, database, hosting, pubsub, storage {"metadata":{"emulator":{"name":"functions"},"message":"The following emulators are not running, calls to these services from the Functions emulator will affect production: \u001b[1mauth, firestore, database, hosting, pubsub, storage\u001b[22m"}}
[info] +  functions: Using node@14 from host. {"metadata":{"emulator":{"name":"functions"},"message":"Using node@14 from host."}}
[debug] [2021-12-10T09:54:05.725Z] defaultcredentials: writing to file C:\Users\adu37\AppData\Roaming\firebase\adichauhan375_gmail_com_application_default_credentials.json
[debug] [2021-12-10T09:54:05.727Z] Setting GAC to C:\Users\adu37\AppData\Roaming\firebase\adichauhan375_gmail_com_application_default_credentials.json {"metadata":{"emulator":{"name":"functions"},"message":"Setting GAC to C:\\Users\\adu37\\AppData\\Roaming\\firebase\\adichauhan375_gmail_com_application_default_credentials.json"}}
[debug] [2021-12-10T09:54:05.728Z] > refreshing access token with scopes: []
[debug] [2021-12-10T09:54:05.729Z] >>> HTTP REQUEST POST https://www.googleapis.com/oauth2/v3/token  
 <request body omitted>
[debug] [2021-12-10T09:54:06.113Z] <<< HTTP RESPONSE 200 {"cache-control":"no-cache, no-store, max-age=0, must-revalidate","expires":"Mon, 01 Jan 1990 00:00:00 GMT","date":"Fri, 10 Dec 2021 09:54:05 GMT","pragma":"no-cache","content-type":"application/json; charset=utf-8","vary":"X-Origin, Referer, Origin,Accept-Encoding","server":"scaffolding on HTTPServer2","x-xss-protection":"0","x-frame-options":"SAMEORIGIN","x-content-type-options":"nosniff","alt-svc":"h3=\":443\"; ma=2592000,h3-29=\":443\"; ma=2592000,h3-Q050=\":443\"; ma=2592000,h3-Q046=\":443\"; ma=2592000,h3-Q043=\":443\"; ma=2592000,quic=\":443\"; ma=2592000; v=\"46,43\"","accept-ranges":"none","transfer-encoding":"chunked"}
[debug] [2021-12-10T09:54:06.140Z] >>> [apiv2][query] GET https://firebase.googleapis.com/v1beta1/projects/clone-website-50073/adminSdkConfig [none]
[debug] [2021-12-10T09:54:06.506Z] <<< [apiv2][status] GET https://firebase-public.firebaseio.com/cli.json 200
[debug] [2021-12-10T09:54:06.506Z] <<< [apiv2][body] GET https://firebase-public.firebaseio.com/cli.json {"cloudBuildErrorAfter":1594252800000,"cloudBuildWarnAfter":1590019200000,"defaultNode10After":1594252800000,"minVersion":"3.0.5","node8DeploysDisabledAfter":1613390400000,"node8RuntimeDisabledAfter":1615809600000,"node8WarnAfter":1600128000000}
[debug] [2021-12-10T09:54:06.919Z] <<< [apiv2][status] GET https://firebase.googleapis.com/v1beta1/projects/clone-website-50073/adminSdkConfig 200
[debug] [2021-12-10T09:54:06.920Z] <<< [apiv2][body] GET https://firebase.googleapis.com/v1beta1/projects/clone-website-50073/adminSdkConfig {"projectId":"clone-website-50073","storageBucket":"clone-website-50073.appspot.com","locationId":"us-central"}
[debug] [2021-12-10T09:54:06.963Z] Ignoring unsupported arg: auto_download {"metadata":{"emulator":{"name":"ui"},"message":"Ignoring unsupported arg: auto_download"}}
[debug] [2021-12-10T09:54:06.964Z] Ignoring unsupported arg: port {"metadata":{"emulator":{"name":"ui"},"message":"Ignoring unsupported arg: port"}}
[debug] [2021-12-10T09:54:06.964Z] Starting Emulator UI with command {"binary":"node","args":["C:\\Users\\adu37\\.cache\\firebase\\emulators\\ui-v1.6.4\\server.bundle.js"],"optionalArgs":[],"joinArgs":false} {"metadata":{"emulator":{"name":"ui"},"message":"Starting Emulator UI with command {\"binary\":\"node\",\"args\":[\"C:\\\\Users\\\\adu37\\\\.cache\\\\firebase\\\\emulators\\\\ui-v1.6.4\\\\server.bundle.js\"],\"optionalArgs\":[],\"joinArgs\":false}"}}
[info] i  ui: Emulator UI logging to ui-debug.log {"metadata":{"emulator":{"name":"ui"},"message":"Emulator UI logging to \u001b[1mui-debug.log\u001b[22m"}}
[debug] [2021-12-10T09:54:07.104Z] Web / API server started at localhost:4000
 {"metadata":{"emulator":{"name":"ui"},"message":"Web / API server started at localhost:4000\n"}}
[info] i  functions: Watching "C:\Users\adu37\Documents\Software Dev Work\Javascript\amazon-website-clone\functions" for Cloud Functions... {"metadata":{"emulator":{"name":"functions"},"message":"Watching \"C:\\Users\\adu37\\Documents\\Software Dev Work\\Javascript\\amazon-website-clone\\functions\" for Cloud Functions..."}}
[debug] [2021-12-10T09:54:07.293Z] [worker-pool] addWorker(~diagnostic~) {"metadata":{"emulator":{"name":"functions"},"message":"[worker-pool] addWorker(~diagnostic~)"}}
[debug] [2021-12-10T09:54:07.294Z] [worker-pool] Adding worker with key ~diagnostic~, total=1 {"metadata":{"emulator":{"name":"functions"},"message":"[worker-pool] Adding worker with key ~diagnostic~, total=1"}}
[debug] [2021-12-10T09:54:07.295Z] [worker-pool] submitWork(triggerId=) {"metadata":{"emulator":{"name":"functions"},"message":"[worker-pool] submitWork(triggerId=)"}}
[debug] [2021-12-10T09:54:07.296Z] [worker-~diagnostic~-1151a203-ecda-4403-a9e5-12c88c7cd2da]: Assigning socketPath: \\?\pipe\C:\Users\adu37\Documents\Software Dev Work\Javascript\amazon-website-clone\functions\15896 {"metadata":{"emulator":{"name":"functions"},"message":"[worker-~diagnostic~-1151a203-ecda-4403-a9e5-12c88c7cd2da]: Assigning socketPath: \\\\?\\pipe\\C:\\Users\\adu37\\Documents\\Software Dev Work\\Javascript\\amazon-website-clone\\functions\\15896"}}
[debug] [2021-12-10T09:54:07.298Z] [worker-~diagnostic~-1151a203-ecda-4403-a9e5-12c88c7cd2da]: BUSY {"metadata":{"emulator":{"name":"functions"},"message":"[worker-~diagnostic~-1151a203-ecda-4403-a9e5-12c88c7cd2da]: BUSY"}}
